/*  MAKE AND VALGRIND REPORT
 *  cc     iflist.c   -o iflist
 *  ==29779== Memcheck, a memory error detector
 *  ==29779== Copyright (C) 2002-2022, and GNU GPL'd, by Julian Seward et al.
 *  ==29779== Using Valgrind-3.19.0 and LibVEX; rerun with -h for copyright info
 *  ==29779== Command: ./iflist
 *  ==29779== 
 *  lo	IPv4		127.0.0.1
 *  wlp3s0	IPv4		192.168.50.39
 *  lo	IPv6		::1
 *  wlp3s0	IPv6		fe80::9776:6755:27c5:f233%wlp3s0
 *  ==29779== 
 *  ==29779== HEAP SUMMARY:
 *  ==29779==     in use at exit: 0 bytes in 0 blocks
 *  ==29779==   total heap usage: 8 allocs, 8 frees, 12,156 bytes allocated
 *  ==29779== 
 *  ==29779== All heap blocks were freed -- no leaks are possible
 *  ==29779== 
 *  ==29779== For lists of detected and suppressed errors, rerun with: -s
 *  ==29779== ERROR SUMMARY: 0 errors from 0 contexts (suppressed: 0 from 0)
 */
